[2020-12-16 09:58:13,637]-[util.py]-[INFO]:打开了登陆页面！
[2020-12-16 09:58:13,942]-[util.py]-[INFO]:测试登陆失败
[2020-12-16 09:58:14,987]-[util.py]-[DEBUG]:断言成功
[2020-12-16 09:58:16,063]-[util.py]-[CRITICAL]:点击确定按钮
[2020-12-16 09:58:16,339]-[util.py]-[INFO]:测试登陆失败
[2020-12-16 09:58:17,369]-[util.py]-[DEBUG]:断言成功
[2020-12-16 09:58:18,430]-[util.py]-[CRITICAL]:点击确定按钮
[2020-12-16 09:58:18,683]-[util.py]-[INFO]:测试登陆失败
[2020-12-16 09:58:19,706]-[util.py]-[DEBUG]:断言成功
[2020-12-16 09:58:20,756]-[util.py]-[CRITICAL]:点击确定按钮
[2020-12-16 09:58:20,996]-[util.py]-[INFO]:测试登陆失败
[2020-12-16 09:58:22,027]-[util.py]-[DEBUG]:断言成功
[2020-12-16 09:58:23,088]-[util.py]-[CRITICAL]:点击确定按钮
[2020-12-16 09:58:23,315]-[util.py]-[INFO]:测试登陆失败
[2020-12-16 09:58:24,364]-[util.py]-[DEBUG]:断言成功
[2020-12-16 09:58:25,455]-[util.py]-[CRITICAL]:点击确定按钮
[2020-12-16 09:58:25,671]-[util.py]-[INFO]:测试登陆失败
[2020-12-16 09:58:26,710]-[util.py]-[DEBUG]:断言成功
[2020-12-16 09:58:27,794]-[util.py]-[CRITICAL]:点击确定按钮
[2020-12-16 09:58:28,006]-[util.py]-[INFO]:测试登陆失败
[2020-12-16 09:58:29,035]-[util.py]-[DEBUG]:断言成功
[2020-12-16 09:58:30,093]-[util.py]-[CRITICAL]:点击确定按钮
[2020-12-16 09:58:30,420]-[util.py]-[INFO]:测试登陆失败
[2020-12-16 09:58:31,451]-[util.py]-[DEBUG]:断言成功
[2020-12-16 09:58:32,505]-[util.py]-[CRITICAL]:点击确定按钮
[2020-12-16 09:58:32,740]-[util.py]-[INFO]:测试登陆失败
[2020-12-16 09:58:33,766]-[util.py]-[DEBUG]:断言成功
[2020-12-16 09:58:34,820]-[util.py]-[CRITICAL]:点击确定按钮
[2020-12-16 09:58:35,052]-[util.py]-[INFO]:登陆成功！
[2020-12-16 09:58:36,432]-[util.py]-[INFO]:断言成功
[2020-12-16 09:58:37,605]-[util.py]-[DEBUG]:退出登陆
[2020-12-16 09:58:37,902]-[util.py]-[INFO]:登陆成功！
[2020-12-16 09:58:38,530]-[util.py]-[INFO]:断言成功
[2020-12-16 09:58:39,646]-[util.py]-[DEBUG]:退出登陆
[2020-12-16 09:58:39,898]-[util.py]-[INFO]:登陆成功！
[2020-12-16 09:58:40,373]-[util.py]-[INFO]:断言成功
[2020-12-16 09:58:41,508]-[util.py]-[DEBUG]:退出登陆
[2020-12-16 09:58:42,294]-[util.py]-[INFO]:登陆成功！
[2020-12-16 09:58:43,131]-[util.py]-[INFO]:断言成功
[2020-12-16 09:58:44,391]-[util.py]-[DEBUG]:退出登陆
[2020-12-16 09:58:44,753]-[util.py]-[INFO]:登陆成功！
[2020-12-16 09:58:45,340]-[util.py]-[INFO]:断言成功
[2020-12-16 09:58:46,482]-[util.py]-[DEBUG]:退出登陆
[2020-12-16 09:58:47,166]-[util.py]-[INFO]:登陆成功！
[2020-12-16 09:58:47,661]-[util.py]-[INFO]:断言成功
[2020-12-16 09:58:48,811]-[util.py]-[DEBUG]:退出登陆
[2020-12-16 09:58:49,168]-[util.py]-[INFO]:登陆成功！
[2020-12-16 09:58:49,788]-[util.py]-[INFO]:断言成功
[2020-12-16 09:58:51,013]-[util.py]-[DEBUG]:退出登陆
[2020-12-16 09:58:51,281]-[util.py]-[INFO]:登陆成功！
[2020-12-16 09:58:51,743]-[util.py]-[INFO]:断言成功
[2020-12-16 09:58:52,885]-[util.py]-[DEBUG]:退出登陆
[2020-12-16 09:58:53,217]-[util.py]-[INFO]:登陆成功！
[2020-12-16 09:58:53,704]-[util.py]-[INFO]:断言成功
[2020-12-16 09:58:54,810]-[util.py]-[DEBUG]:退出登陆
[2020-12-16 10:05:36,652]-[util.py]-[INFO]:打开了登陆页面！
[2020-12-16 10:05:36,952]-[util.py]-[INFO]:测试登陆失败
[2020-12-16 10:05:39,051]-[util.py]-[CRITICAL]:点击确定按钮
[2020-12-16 10:05:39,295]-[util.py]-[INFO]:测试登陆失败
[2020-12-16 10:05:41,389]-[util.py]-[CRITICAL]:点击确定按钮
[2020-12-16 10:05:41,661]-[util.py]-[INFO]:测试登陆失败
[2020-12-16 10:05:43,737]-[util.py]-[CRITICAL]:点击确定按钮
[2020-12-16 10:05:43,965]-[util.py]-[INFO]:测试登陆失败
[2020-12-16 10:05:46,052]-[util.py]-[CRITICAL]:点击确定按钮
[2020-12-16 10:05:46,262]-[util.py]-[INFO]:测试登陆失败
[2020-12-16 10:05:48,338]-[util.py]-[CRITICAL]:点击确定按钮
[2020-12-16 10:05:48,567]-[util.py]-[INFO]:测试登陆失败
[2020-12-16 10:05:50,644]-[util.py]-[CRITICAL]:点击确定按钮
[2020-12-16 10:05:50,900]-[util.py]-[INFO]:测试登陆失败
[2020-12-16 10:05:52,985]-[util.py]-[CRITICAL]:点击确定按钮
[2020-12-16 10:05:53,230]-[util.py]-[INFO]:测试登陆失败
[2020-12-16 10:05:55,308]-[util.py]-[CRITICAL]:点击确定按钮
[2020-12-16 10:05:55,551]-[util.py]-[INFO]:测试登陆失败
[2020-12-16 10:05:57,660]-[util.py]-[CRITICAL]:点击确定按钮
[2020-12-16 10:05:57,921]-[util.py]-[INFO]:登陆成功！
[2020-12-16 10:05:59,476]-[util.py]-[INFO]:断言成功
[2020-12-16 10:06:00,980]-[util.py]-[INFO]:登陆成功！
[2020-12-16 10:06:01,606]-[util.py]-[INFO]:断言成功
[2020-12-16 10:06:03,067]-[util.py]-[INFO]:登陆成功！
[2020-12-16 10:06:03,592]-[util.py]-[INFO]:断言成功
[2020-12-16 10:06:06,616]-[util.py]-[INFO]:登陆成功！
[2020-12-16 10:06:07,154]-[util.py]-[INFO]:断言成功
[2020-12-16 10:06:08,534]-[util.py]-[INFO]:登陆成功！
[2020-12-16 10:06:09,041]-[util.py]-[INFO]:断言成功
[2020-12-16 10:06:10,477]-[util.py]-[INFO]:登陆成功！
[2020-12-16 10:06:10,943]-[util.py]-[INFO]:断言成功
[2020-12-16 10:06:12,436]-[util.py]-[INFO]:登陆成功！
[2020-12-16 10:06:13,026]-[util.py]-[INFO]:断言成功
[2020-12-16 10:06:14,504]-[util.py]-[INFO]:登陆成功！
[2020-12-16 10:06:15,006]-[util.py]-[INFO]:断言成功
[2020-12-16 10:06:16,406]-[util.py]-[INFO]:登陆成功！
[2020-12-16 10:06:16,937]-[util.py]-[INFO]:断言成功
-------------------------------------------------------

[2020-12-16 10:07:06,440]-[util.py]-[CRITICAL]:点击确定按钮
[2020-12-16 10:07:08,798]-[util.py]-[CRITICAL]:点击确定按钮
[2020-12-16 10:07:11,133]-[util.py]-[CRITICAL]:点击确定按钮
[2020-12-16 10:07:13,448]-[util.py]-[CRITICAL]:点击确定按钮
[2020-12-16 10:07:15,781]-[util.py]-[CRITICAL]:点击确定按钮
[2020-12-16 10:07:18,099]-[util.py]-[CRITICAL]:点击确定按钮
[2020-12-16 10:07:20,430]-[util.py]-[CRITICAL]:点击确定按钮
[2020-12-16 10:07:22,714]-[util.py]-[CRITICAL]:点击确定按钮
[2020-12-16 10:07:25,018]-[util.py]-[CRITICAL]:点击确定按钮
[2020-12-16 11:56:09,974]-[util.py]-[INFO]:打开了登陆页面！
[2020-12-16 11:56:10,343]-[util.py]-[INFO]:测试登陆失败
[2020-12-16 11:56:11,389]-[util.py]-[DEBUG]:断言成功
[2020-12-16 11:56:12,489]-[util.py]-[CRITICAL]:点击确定按钮
[2020-12-16 11:56:12,718]-[util.py]-[INFO]:测试登陆失败
[2020-12-16 11:56:13,744]-[util.py]-[DEBUG]:断言成功
[2020-12-16 11:56:14,800]-[util.py]-[CRITICAL]:点击确定按钮
[2020-12-16 11:56:15,102]-[util.py]-[INFO]:测试登陆失败
[2020-12-16 11:56:16,132]-[util.py]-[DEBUG]:断言成功
[2020-12-16 11:56:17,203]-[util.py]-[CRITICAL]:点击确定按钮
[2020-12-16 11:56:17,439]-[util.py]-[INFO]:测试登陆失败
[2020-12-16 11:56:18,468]-[util.py]-[DEBUG]:断言成功
[2020-12-16 11:56:19,526]-[util.py]-[CRITICAL]:点击确定按钮
[2020-12-16 11:56:19,784]-[util.py]-[INFO]:测试登陆失败
[2020-12-16 11:56:20,808]-[util.py]-[DEBUG]:断言成功
[2020-12-16 11:56:21,861]-[util.py]-[CRITICAL]:点击确定按钮
[2020-12-16 11:56:22,124]-[util.py]-[INFO]:测试登陆失败
[2020-12-16 11:56:23,154]-[util.py]-[DEBUG]:断言成功
[2020-12-16 11:56:24,209]-[util.py]-[CRITICAL]:点击确定按钮
[2020-12-16 11:56:24,459]-[util.py]-[INFO]:测试登陆失败
[2020-12-16 11:56:25,494]-[util.py]-[DEBUG]:断言成功
[2020-12-16 11:56:26,549]-[util.py]-[CRITICAL]:点击确定按钮
[2020-12-16 11:56:26,781]-[util.py]-[INFO]:测试登陆失败
[2020-12-16 11:56:27,809]-[util.py]-[DEBUG]:断言成功
[2020-12-16 11:56:28,869]-[util.py]-[CRITICAL]:点击确定按钮
[2020-12-16 11:56:29,100]-[util.py]-[INFO]:测试登陆失败
[2020-12-16 11:56:30,126]-[util.py]-[DEBUG]:断言成功
[2020-12-16 11:56:31,182]-[util.py]-[CRITICAL]:点击确定按钮
[2020-12-16 11:56:31,418]-[util.py]-[INFO]:登陆成功！
[2020-12-16 11:56:33,248]-[util.py]-[INFO]:断言成功
[2020-12-16 11:56:34,554]-[util.py]-[DEBUG]:退出登陆
[2020-12-16 11:56:34,938]-[util.py]-[INFO]:登陆成功！
[2020-12-16 11:56:35,551]-[util.py]-[INFO]:断言成功
[2020-12-16 11:56:36,784]-[util.py]-[DEBUG]:退出登陆
[2020-12-16 11:56:37,080]-[util.py]-[INFO]:登陆成功！
[2020-12-16 11:56:37,765]-[util.py]-[INFO]:断言成功
[2020-12-16 11:56:38,986]-[util.py]-[DEBUG]:退出登陆
[2020-12-16 11:56:39,298]-[util.py]-[INFO]:登陆成功！
[2020-12-16 11:56:39,913]-[util.py]-[INFO]:断言成功
[2020-12-16 11:56:41,093]-[util.py]-[DEBUG]:退出登陆
[2020-12-16 11:56:41,393]-[util.py]-[INFO]:登陆成功！
[2020-12-16 11:56:41,994]-[util.py]-[INFO]:断言成功
[2020-12-16 11:56:43,228]-[util.py]-[DEBUG]:退出登陆
[2020-12-16 11:56:43,523]-[util.py]-[INFO]:登陆成功！
[2020-12-16 11:56:44,134]-[util.py]-[INFO]:断言成功
[2020-12-16 11:56:45,394]-[util.py]-[DEBUG]:退出登陆
[2020-12-16 11:56:46,002]-[util.py]-[INFO]:登陆成功！
[2020-12-16 11:56:46,790]-[util.py]-[INFO]:断言成功
[2020-12-16 11:56:48,073]-[util.py]-[DEBUG]:退出登陆
[2020-12-16 11:56:48,400]-[util.py]-[INFO]:登陆成功！
[2020-12-16 11:56:49,091]-[util.py]-[INFO]:断言成功
[2020-12-16 11:56:50,382]-[util.py]-[DEBUG]:退出登陆
[2020-12-16 11:56:50,806]-[util.py]-[INFO]:登陆成功！
[2020-12-16 11:56:51,774]-[util.py]-[INFO]:断言成功
[2020-12-16 11:56:53,054]-[util.py]-[DEBUG]:退出登陆
